"../../../Engine/Content/ArtTools/RenderToTexture/Enums/RenderToTexture_Enum.uasset" 0
"../../../Engine/Content/ArtTools/RenderToTexture/Enums/RenderToTexture_Flipbook_Enum.uasset" 1
"../../../Engine/Content/ArtTools/RenderToTexture/Enums/RenderToTexture_Imposter_Enum.uasset" 2
"../../../Engine/Content/EditorBlueprintResources/StandardMacros.uasset" 3
"../../../Engine/Content/ArtTools/RenderToTexture/Enums/EIntTypes.uasset" 4
"../../../Engine/Content/ArtTools/RenderToTexture/Macros/RenderToTextureFunctionLibrary.uasset" 5
"../../../Engine/Content/ArtTools/RenderToTexture/Enums/EFloatTypes.uasset" 6
"../../../Engine/Content/ArtTools/RenderToTexture/Macros/RenderToTextureMacros.uasset" 7
"../../../Engine/Content/Functions/Engine_MaterialFunctions01/Opacity/CameraDepthFade.uasset" 8
"../../../Engine/Content/EngineMaterials/T_Default_Material_Grid_M.uasset" 9
"../../../Engine/Content/EngineMaterials/T_Default_Material_Grid_N.uasset" 10
"../../../Engine/Content/EngineMaterials/WorldGridMaterial.uasset" 11
"../../../Engine/Content/ArtTools/RenderToTexture/Meshes/S_1_Unit_Plane.uasset" 12
"../../../Engine/Content/EngineMaterials/DefaultMaterial.uasset" 13
"../../../Engine/Content/BasicShapes/Cone.uasset" 14
"../../../Engine/Content/BasicShapes/Cylinder.uasset" 15
"../../../Engine/Content/BasicShapes/Plane.uasset" 16
"../../../Engine/Content/BasicShapes/Sphere.uasset" 17
"../../../Engine/Content/EngineMaterials/DefaultPhysicalMaterial.uasset" 18
"../../../Engine/Content/BufferVisualization/AmbientOcclusion.uasset" 19
"../../../Engine/Content/BufferVisualization/BaseColor.uasset" 20
"../../../Engine/Content/BufferVisualization/CustomDepth.uasset" 21
"../../../Engine/Content/Functions/Engine_MaterialFunctions02/Utility/VectorLength.uasset" 22
"../../../Engine/Content/BufferVisualization/CustomDepthWorldUnits.uasset" 23
"../../../Engine/Content/Functions/Engine_MaterialFunctions02/Utility/BreakOutFloat2Components.uasset" 24
"../../../Engine/Content/Functions/Engine_MaterialFunctions01/Texturing/ScaleUVsByCenter.uasset" 25
"../../../Engine/Content/Functions/Engine_MaterialFunctions02/ScreenResolution.uasset" 26
"../../../Engine/Content/Functions/Engine_MaterialFunctions02/Texturing/ScreenAlignedUVs.uasset" 27
"../../../Engine/Content/Functions/Engine_MaterialFunctions02/Utility/MakeFloat2.uasset" 28
"../../../Engine/Content/Functions/Engine_MaterialFunctions02/Utility/MakeFloat3.uasset" 29
"../../../Engine/Content/EngineMaterials/MiniFont.uasset" 30
"../../../Engine/Content/BufferVisualization/CustomStencil.uasset" 31
"../../../Engine/Content/BufferVisualization/FinalImage.uasset" 32
"../../../Engine/Content/BufferVisualization/LightingModel.uasset" 33
"../../../Engine/Content/BufferVisualization/MaterialAO.uasset" 34
"../../../Engine/Content/BufferVisualization/Metallic.uasset" 35
"../../../Engine/Content/BufferVisualization/Opacity.uasset" 36
"../../../Engine/Content/BufferVisualization/PostTonemapHDRColor.uasset" 37
"../../../Engine/Content/BufferVisualization/PreTonemapHDRColor.uasset" 38
"../../../Engine/Content/BufferVisualization/Roughness.uasset" 39
"../../../Engine/Content/BufferVisualization/SceneColor.uasset" 40
"../../../Engine/Content/BufferVisualization/SceneDepth.uasset" 41
"../../../Engine/Content/BufferVisualization/SceneDepthWorldUnits.uasset" 42
"../../../Engine/Content/BufferVisualization/SeparateTranslucencyA.uasset" 43
"../../../Engine/Content/BufferVisualization/SeparateTranslucencyRGB.uasset" 44
"../../../Engine/Content/BufferVisualization/Specular.uasset" 45
"../../../Engine/Content/BufferVisualization/SubsurfaceColor.uasset" 46
"../../../Engine/Content/BufferVisualization/WorldNormal.uasset" 47
"../../../Engine/Content/EditorBlueprintResources/ActorMacros.uasset" 48
"../../../Engine/Content/EditorLandscapeResources/DataLayer.uasset" 49
"../../../Engine/Content/EditorLandscapeResources/DefaultAlphaTexture.uasset" 50
"../../../Engine/Content/EditorLandscapeResources/LandscapeGizmo_Mat.uasset" 51
"../../../Engine/Content/EditorLandscapeResources/LandscapeGizmo_Mat_Copied.uasset" 52
"../../../Engine/Content/EditorLandscapeResources/LandscapeGizmoHeight_Mat.uasset" 53
"../../../Engine/Content/EditorLandscapeResources/SplineEditorMeshMat.uasset" 54
"../../../Engine/Content/EditorLandscapeResources/SplineEditorMesh.uasset" 55
"../../../Engine/Content/EditorMaterials/Cross.uasset" 56
"../../../Engine/Content/EditorMaterials/Cross_Mat.uasset" 57
"../../../Engine/Content/EditorMaterials/GizmoMaterial.uasset" 58
"../../../Engine/Content/Functions/Engine_MaterialFunctions02/Utility/Sign.uasset" 59
"../../../Engine/Content/Functions/Engine_MaterialFunctions02/Utility/Round.uasset" 60
"../../../Engine/Content/Functions/Engine_MaterialFunctions02/ExampleContent/Textures/flipbook.uasset" 61
"../../../Engine/Content/Functions/Engine_MaterialFunctions02/Texturing/FlipBook.uasset" 62
"../../../Engine/Content/EditorResources/T_EditorHelp.uasset" 63
"../../../Engine/Content/EditorMaterials/HelpActorMaterial.uasset" 64
"../../../Engine/Content/EditorMaterials/CompositeARGBLayer.uasset" 65
"../../../Engine/Content/EditorMaterials/TilingAALineIntegral.uasset" 66
"../../../Engine/Content/EditorMaterials/TilingAALineBoxFiltered.uasset" 67
"../../../Engine/Content/Functions/Engine_MaterialFunctions03/Procedurals/ComputeFilterWidth.uasset" 68
"../../../Engine/Content/EditorMaterials/TilingAADots.uasset" 69
"../../../Engine/Content/EditorMaterials/Cascade/CASC_Cross.uasset" 70
"../../../Engine/Content/EditorMaterials/Cascade/CASC_None.uasset" 71
"../../../Engine/Content/Functions/Engine_MaterialFunctions03/Blends/Blend_Screen.uasset" 72
"../../../Engine/Content/EditorMaterials/TilingAAGrid.uasset" 73
"../../../Engine/Content/EditorMaterials/LevelGridMaterial.uasset" 74
"../../../Engine/Content/EditorMaterials/MakeCompositeARGBLayer.uasset" 75
"../../../Engine/Content/EditorResources/LevelGrid1DStripes.uasset" 76
"../../../Engine/Content/EditorMaterials/TextureGridCascaded1D.uasset" 77
"../../../Engine/Content/EditorMaterials/TextureGridCascaded2D.uasset" 78
"../../../Engine/Content/EditorMaterials/LevelGridMaterial2.uasset" 79
"../../../Engine/Content/EditorMaterials/MAT_Groups_Toggle.uasset" 80
"../../../Engine/Content/EditorMaterials/MAT_Groups_Visibility.uasset" 81
"../../../Engine/Content/EditorMaterials/AntialiasedGridFloor.uasset" 82
"../../../Engine/Content/EditorResources/TilePatine_D.uasset" 83
"../../../Engine/Content/EditorResources/TilePatine_N.uasset" 84
"../../../Engine/Content/EngineMaterials/Grid.uasset" 85
"../../../Engine/Content/EditorMaterials/PersonaFloorMat.uasset" 86
"../../../Engine/Content/EditorMaterials/PhAT_BoneSelectedMaterial.uasset" 87
"../../../Engine/Content/EditorMaterials/PhAT_ElemSelectedMaterial.uasset" 88
"../../../Engine/Content/EditorMaterials/PhAT_NoCollisionMaterial.uasset" 89
"../../../Engine/Content/EditorMaterials/PhAT_UnselectedMaterial.uasset" 90
"../../../Engine/Content/EditorMaterials/PreviewShadowIndicator.uasset" 91
"../../../Engine/Content/EditorMaterials/PreviewShadowIndicatorMaterial.uasset" 92
"../../../Engine/Content/EditorMaterials/TargetIcon.uasset" 93
"../../../Engine/Content/EditorMaterials/Tick.uasset" 94
"../../../Engine/Content/EditorMaterials/Tick_Mat.uasset" 95
"../../../Engine/Content/EditorMaterials/WidgetGridVertexColorMaterial.uasset" 96
"../../../Engine/Content/EditorMaterials/WidgetGridVertexColorMaterial_Ma.uasset" 97
"../../../Engine/Content/EditorMaterials/WidgetMaterial.uasset" 98
"../../../Engine/Content/EditorMaterials/WidgetMaterial_Current.uasset" 99
"../../../Engine/Content/EditorMaterials/WidgetMaterial_X.uasset" 100
"../../../Engine/Content/EditorMaterials/WidgetMaterial_Y.uasset" 101
"../../../Engine/Content/EditorMaterials/WidgetMaterial_Z.uasset" 102
"../../../Engine/Content/EditorMaterials/WidgetVertexColorMaterial.uasset" 103
"../../../Engine/Content/EditorMaterials/MatineeGroups/MAT_ColorTrack.uasset" 104
"../../../Engine/Content/EditorMaterials/MatineeGroups/MAT_Groups_Anim.uasset" 105
"../../../Engine/Content/EditorMaterials/MatineeGroups/MAT_Groups_AudioMaster.uasset" 106
"../../../Engine/Content/EditorMaterials/MatineeGroups/MAT_Groups_Director.uasset" 107
"../../../Engine/Content/EditorMaterials/MatineeGroups/MAT_Groups_Event.uasset" 108
"../../../Engine/Content/EditorMaterials/MatineeGroups/MAT_Groups_Fade.uasset" 109
"../../../Engine/Content/EditorMaterials/MatineeGroups/MAT_Groups_Float.uasset" 110
"../../../Engine/Content/EditorMaterials/MatineeGroups/MAT_Groups_Move.uasset" 111
"../../../Engine/Content/EditorMaterials/MatineeGroups/MAT_Groups_Slomo.uasset" 112
"../../../Engine/Content/EditorMaterials/MatineeGroups/MAT_Groups_Sound.uasset" 113
"../../../Engine/Content/EditorMaterials/MatineeGroups/MAT_Groups_Vector.uasset" 114
"../../../Engine/Content/EditorMaterials/ParticleSystems/PSysThumbnail_NoImage.uasset" 115
"../../../Engine/Content/EditorMaterials/ParticleSystems/PSysThumbnail_OOD.uasset" 116
"../../../Engine/Content/EditorMaterials/Thumbnails/FloorPlaneMaterial.uasset" 117
"../../../Engine/Content/EditorMeshes/EditorCube.uasset" 118
"../../../Engine/Content/EditorMeshes/EditorCylinder.uasset" 119
"../../../Engine/Content/EditorMeshes/EditorPlane.uasset" 120
"../../../Engine/Content/EditorMaterials/Thumbnails/SkySphereMaterial.uasset" 121
"../../../Engine/Content/EditorMeshes/EditorSkySphere.uasset" 122
"../../../Engine/Content/EditorMeshes/EditorSphere.uasset" 123
"../../../Engine/Content/EditorResources/MatineeCam_D.uasset" 124
"../../../Engine/Content/EditorMaterials/MatineeCam_mat.uasset" 125
"../../../Engine/Content/EditorMeshes/MatineeCam_SM.uasset" 126
"../../../Engine/Content/Functions/Engine_MaterialFunctions01/Shading/ConvertFromDiffSpec.uasset" 127
"../../../Engine/Content/EditorMaterials/GridMaterial.uasset" 128
"../../../Engine/Content/EditorMeshes/PhAT_FloorBox.uasset" 129
"../../../Engine/Content/EditorMaterials/Camera/CineMat.uasset" 130
"../../../Engine/Content/EditorMaterials/Camera/MI_CineMat_CameraBody.uasset" 131
"../../../Engine/Content/EngineDebugMaterials/M_SimpleOpaque.uasset" 132
"../../../Engine/Content/EditorMaterials/Camera/MI_CineMat_CamViewFinder.uasset" 133
"../../../Engine/Content/EditorMeshes/Camera/SM_CineCam.uasset" 134
"../../../Engine/Content/EditorMaterials/Camera/MI_CineMat_Rig.uasset" 135
"../../../Engine/Content/EditorMeshes/Camera/SM_CraneRig_Arm.uasset" 136
"../../../Engine/Content/EditorMeshes/Camera/SM_CraneRig_Base.uasset" 137
"../../../Engine/Content/EditorMeshes/Camera/SM_CraneRig_Body.uasset" 138
"../../../Engine/Content/EditorMeshes/Camera/SM_CraneRig_Mount.uasset" 139
"../../../Engine/Content/EditorMeshes/Camera/SM_RailRig_Mount.uasset" 140
"../../../Engine/Content/EditorMeshes/Camera/SM_RailRig_Track.uasset" 141
"../../../Engine/Content/EditorMeshes/ColorCalibrator/M_ChromeBall.uasset" 142
"../../../Engine/Content/EditorMeshes/ColorCalibrator/M_ClearCoat.uasset" 143
"../../../Engine/Content/EditorMeshes/ColorCalibrator/M_ClearCoatBlack.uasset" 144
"../../../Engine/Content/EditorMeshes/ColorCalibrator/Color_checker.uasset" 145
"../../../Engine/Content/EditorMeshes/ColorCalibrator/M_ColorGrid.uasset" 146
"../../../Engine/Content/EditorMeshes/ColorCalibrator/M_GreyBall.uasset" 147
"../../../Engine/Content/EditorMeshes/ColorCalibrator/SM_ColorCalibrator.uasset" 148
"../../../Engine/Content/EditorResources/Bad.uasset" 149
"../../../Engine/Content/EditorResources/BSPVertex.uasset" 150
"../../../Engine/Content/EditorResources/EmptyActor.uasset" 151
"../../../Engine/Content/EditorResources/MatInstActSprite.uasset" 152
"../../../Engine/Content/EditorResources/S_Actor.uasset" 153
"../../../Engine/Content/EditorResources/S_DecalActorIcon.uasset" 154
"../../../Engine/Content/EditorResources/S_Emitter.uasset" 155
"../../../Engine/Content/EditorResources/S_ExpoHeightFog.uasset" 156
"../../../Engine/Content/EditorResources/S_FTest.uasset" 157
"../../../Engine/Content/EditorResources/S_KBSJoint.uasset" 158
"../../../Engine/Content/EditorResources/S_KHinge.uasset" 159
"../../../Engine/Content/EditorResources/S_KPrismatic.uasset" 160
"../../../Engine/Content/EditorResources/S_LevelSequence.uasset" 161
"../../../Engine/Content/EditorResources/S_NavP.uasset" 162
"../../../Engine/Content/EditorResources/S_Note.uasset" 163
"../../../Engine/Content/EditorResources/S_Player.uasset" 164
"../../../Engine/Content/EditorResources/S_PortalActorIcon2.uasset" 165
"../../../Engine/Content/EditorResources/S_RadForce.uasset" 166
"../../../Engine/Content/EditorResources/S_ReflActorIcon.uasset" 167
"../../../Engine/Content/EditorResources/S_Terrain.uasset" 168
"../../../Engine/Content/EditorResources/S_TextRenderActorIcon.uasset" 169
"../../../Engine/Content/EditorResources/S_Thruster.uasset" 170
"../../../Engine/Content/EditorResources/S_Trigger.uasset" 171
"../../../Engine/Content/EditorResources/S_VectorFieldVol.uasset" 172
"../../../Engine/Content/EditorResources/S_WindDirectional.uasset" 173
"../../../Engine/Content/EditorResources/SceneManager.uasset" 174
"../../../Engine/Content/EditorResources/SmallFont.uasset" 175
"../../../Engine/Content/EditorResources/AI/S_NavLink.uasset" 176
"../../../Engine/Content/EditorResources/LightIcons/S_LightDirectional.uasset" 177
"../../../Engine/Content/EditorResources/LightIcons/S_LightDirectionalMove.uasset" 178
"../../../Engine/Content/EditorResources/LightIcons/S_LightError.uasset" 179
"../../../Engine/Content/EditorResources/LightIcons/S_LightPoint.uasset" 180
"../../../Engine/Content/EditorResources/LightIcons/S_LightPointMove.uasset" 181
"../../../Engine/Content/EditorResources/LightIcons/S_LightSpot.uasset" 182
"../../../Engine/Content/EditorResources/LightIcons/S_LightSpotMove.uasset" 183
"../../../Engine/Content/EditorResources/LightIcons/SkyLight.uasset" 184
"../../../Engine/Content/EditorResources/SequenceRecorder/Countdown.uasset" 185
"../../../Engine/Content/EditorResources/SequenceRecorder/RecordingIndicator.uasset" 186
"../../../Engine/Content/EditorResources/Spline/T_Loft_Spline.uasset" 187
"../../../Engine/Content/EditorSounds/Notifications/CompileFailed.uasset" 188
"../../../Engine/Content/EditorSounds/Notifications/CompileFailed_Cue.uasset" 189
"../../../Engine/Content/EditorSounds/Notifications/CompileSuccess.uasset" 190
"../../../Engine/Content/EditorSounds/Notifications/CompileStart_Cue.uasset" 191
"../../../Engine/Content/EditorSounds/Notifications/CompileSuccess_Cue.uasset" 192
"../../../Engine/Content/EngineDamageTypes/DmgTypeBP_Environmental.uasset" 193
"../../../Engine/Content/EngineDebugMaterials/HeatmapGradient.uasset" 194
"../../../Engine/Content/EngineDebugMaterials/BoneWeightMaterial.uasset" 195
"../../../Engine/Content/EngineDebugMaterials/ClothMaterial.uasset" 196
"../../../Engine/Content/EngineDebugMaterials/ClothMaterial_WF.uasset" 197
"../../../Engine/Content/EngineDebugMaterials/DebugEditorMaterial.uasset" 198
"../../../Engine/Content/EngineDebugMaterials/DebugMeshMaterial.uasset" 199
"../../../Engine/Content/EngineDebugMaterials/GeomMaterial.uasset" 200
"../../../Engine/Content/EngineDebugMaterials/LevelColorationLitMaterial.uasset" 201
"../../../Engine/Content/EngineDebugMaterials/LevelColorationUnlitMaterial.uasset" 202
"../../../Engine/Content/EngineDebugMaterials/M_SimpleTranslucent.uasset" 203
"../../../Engine/Content/EngineMaterials/DefaultWhiteGrid.uasset" 204
"../../../Engine/Content/EngineDebugMaterials/MAT_LevelColorationLitLightmapUV.uasset" 205
"../../../Engine/Content/EngineDebugMaterials/ShadedLevelColorationLitMaterial.uasset" 206
"../../../Engine/Content/EngineDebugMaterials/ShadedLevelColorationUnlitMateri.uasset" 207
"../../../Engine/Content/EngineDebugMaterials/VertexColorMaterial.uasset" 208
"../../../Engine/Content/EngineDebugMaterials/VertexColorViewMode_AlphaAsColor.uasset" 209
"../../../Engine/Content/EngineDebugMaterials/VertexColorViewMode_BlueOnly.uasset" 210
"../../../Engine/Content/EngineDebugMaterials/VertexColorViewMode_ColorOnly.uasset" 211
"../../../Engine/Content/EngineDebugMaterials/VertexColorViewMode_GreenOnly.uasset" 212
"../../../Engine/Content/EngineDebugMaterials/VertexColorViewMode_RedOnly.uasset" 213
"../../../Engine/Content/EngineDebugMaterials/WireframeMaterial.uasset" 214
"../../../Engine/Content/EngineFonts/Faces/RobotoBold.uasset" 215
"../../../Engine/Content/EngineFonts/Faces/RobotoBoldItalic.uasset" 216
"../../../Engine/Content/EngineFonts/Faces/RobotoItalic.uasset" 217
"../../../Engine/Content/EngineFonts/Faces/RobotoLight.uasset" 218
"../../../Engine/Content/EngineFonts/Faces/RobotoRegular.uasset" 219
"../../../Engine/Content/EngineFonts/Roboto.uasset" 220
"../../../Engine/Content/EngineFonts/Faces/RobotoTiny.uasset" 221
"../../../Engine/Content/EngineFonts/RobotoTiny.uasset" 222
"../../../Engine/Content/EngineFonts/SmallFont.uasset" 223
"../../../Engine/Content/EngineFonts/TinyFont.uasset" 224
"../../../Engine/Content/EngineResources/WhiteSquareTexture.uasset" 225
"../../../Engine/Content/EngineMaterials/BlinkingCaret.uasset" 226
"../../../Engine/Content/EngineMaterials/DefaultBloomKernel.uasset" 227
"../../../Engine/Content/EngineMaterials/DefaultBokeh.uasset" 228
"../../../Engine/Content/EngineMaterials/DefaultDiffuse.uasset" 229
"../../../Engine/Content/EngineMaterials/DefaultDeferredDecalMaterial.uasset" 230
"../../../Engine/Content/EngineMaterials/DefaultLightFunctionMaterial.uasset" 231
"../../../Engine/Content/EngineMaterials/DefaultNormal.uasset" 232
"../../../Engine/Content/EngineMaterials/DefaultPostProcessMaterial.uasset" 233
"../../../Engine/Content/EngineFonts/RobotoDistanceField.uasset" 234
"../../../Engine/Content/EngineMaterials/DefaultTextMaterialOpaque.uasset" 235
"../../../Engine/Content/EngineMaterials/EditorBrushMaterial.uasset" 236
"../../../Engine/Content/EngineMaterials/Good64x64TilingNoiseHighFreq.uasset" 237
"../../../Engine/Content/EngineMaterials/Grid_N.uasset" 238
"../../../Engine/Content/EngineMaterials/HighResolutionScreenshotMaskFunction.uasset" 239
"../../../Engine/Content/EngineMaterials/HighResScreenshot.uasset" 240
"../../../Engine/Content/EngineMaterials/HighResScreenshotCaptureRegion.uasset" 241
"../../../Engine/Content/EngineMaterials/HighResScreenshotMask.uasset" 242
"../../../Engine/Content/EngineMaterials/LandscapeHolePhysicalMaterial.uasset" 243
"../../../Engine/Content/EngineMaterials/InvalidLightmapSettings.uasset" 244
"../../../Engine/Content/EngineMaterials/M_InvalidLightmapSettings.uasset" 245
"../../../Engine/Content/EngineMaterials/PaperDiffuse.uasset" 246
"../../../Engine/Content/EngineMaterials/PaperNormal.uasset" 247
"../../../Engine/Content/Functions/Engine_MaterialFunctions02/WorldPositionOffset/CameraOffset.uasset" 248
"../../../Engine/Content/EngineMaterials/PhAT_JointLimitMaterial.uasset" 249
"../../../Engine/Content/EngineMaterials/PhysMat_Rubber.uasset" 250
"../../../Engine/Content/EngineMaterials/PreintegratedSkinBRDF.uasset" 251
"../../../Engine/Content/EngineMaterials/RemoveSurfaceMaterial.uasset" 252
"../../../Engine/Content/EngineMaterials/WeightMapPlaceholderTexture.uasset" 253
"../../../Engine/Content/EngineMaterials/Widget3DPassThrough.uasset" 254
"../../../Engine/Content/EngineMaterials/Widget3DPassThrough_Masked.uasset" 255
"../../../Engine/Content/EngineMaterials/Widget3DPassThrough_Opaque.uasset" 256
"../../../Engine/Content/EngineMaterials/Widget3DPassThrough_Masked_OneSided.uasset" 257
"../../../Engine/Content/EngineMaterials/Widget3DPassThrough_Opaque_OneSided.uasset" 258
"../../../Engine/Content/EngineMaterials/Widget3DPassThrough_Translucent.uasset" 259
"../../../Engine/Content/EngineMaterials/Widget3DPassThrough_Translucent_OneSided.uasset" 260
"../../../Engine/Content/EngineMeshes/Cube.uasset" 261
"../../../Engine/Content/EngineMeshes/Cylinder.uasset" 262
"../../../Engine/Content/EngineMeshes/Sphere.uasset" 263
"../../../Engine/Content/EngineResources/Black.uasset" 264
"../../../Engine/Content/EngineResources/DefaultTexture.uasset" 265
"../../../Engine/Content/EngineResources/DefaultTextureCube.uasset" 266
"../../../Engine/Content/EngineResources/GradientTexture0.uasset" 267
"../../../Engine/Content/EngineResources/StreamingPauseIcon.uasset" 268
"../../../Engine/Content/EngineResources/M_StreamingPause.uasset" 269
"../../../Engine/Content/EngineSky/C_Sky_Cloud_Color.uasset" 270
"../../../Engine/Content/EngineSky/C_Sky_Horizon_Color.uasset" 271
"../../../Engine/Content/EngineSky/C_Sky_Zenith_Color.uasset" 272
"../../../Engine/Content/EngineSky/T_Sky_Blue.uasset" 273
"../../../Engine/Content/EngineSky/T_Sky_Clouds_M.uasset" 274
"../../../Engine/Content/EngineSky/T_Sky_Stars.uasset" 275
"../../../Engine/Content/EngineSky/M_Sky_Panning_Clouds2.uasset" 276
"../../../Engine/Content/EngineSky/SM_SkySphere.uasset" 277
"../../../Engine/Content/EngineSky/BP_Sky_Sphere.uasset" 278
"../../../Engine/Content/EngineSounds/Master.uasset" 279
"../../../Engine/Content/Functions/Engine_MaterialFunctions01/Shading/PowerToRoughness.uasset" 280
"../../../Engine/Content/Maps/Templates/Thumbnails/Default.uasset" 281
"../../../Engine/Content/Maps/Templates/Thumbnails/VR-Basic.uasset" 282
"../../../Engine/Content/MapTemplates/Sky/DaylightAmbientCubemap.uasset" 283
"../../../Engine/Content/MobileResources/T_MobileControls_texture.uasset" 284
"../../../Engine/Content/MobileResources/T_MobileMenu2.uasset" 285
"../../../Engine/Content/MobileResources/HUD/AnalogHat.uasset" 286
"../../../Engine/Content/MobileResources/HUD/VirtualJoystick_Background.uasset" 287
"../../../Engine/Content/MobileResources/HUD/VirtualJoystick_Thumb.uasset" 288
"../../../Engine/Content/MobileResources/HUD/DefaultVirtualJoysticks.uasset" 289
"../../../Engine/Content/MobileResources/HUD/LeftVirtualJoystickOnly.uasset" 290
"../../../Engine/Content/MobileResources/HUD/MobileHUDButton1_off.uasset" 291
"../../../Engine/Content/MobileResources/HUD/MobileHUDButton1_on.uasset" 292
"../../../Engine/Content/MobileResources/HUD/MobileHUDButton2_off.uasset" 293
"../../../Engine/Content/MobileResources/HUD/MobileHUDButton2_on.uasset" 294
"../../../Engine/Content/MobileResources/HUD/MobileHUDButton3.uasset" 295
"../../../Engine/Content/MobileResources/HUD/MobileHUDButtonFire.uasset" 296
"../../../Engine/Content/MobileResources/HUD/MobileHUDDirectionPad.uasset" 297
"../../../Engine/Content/MobileResources/HUD/MobileHUDDirectionPad2.uasset" 298
"../../../Engine/Content/MobileResources/HUD/MobileHUDDirectionPad3.uasset" 299
"../../../Engine/Content/MobileResources/HUD/MobileHUDDirectionStick.uasset" 300
"../../../Engine/Content/MobileResources/HUD/T_Castle_ThumbstickInner.uasset" 301
"../../../Engine/Content/MobileResources/HUD/T_Castle_ThumbstickOutter.uasset" 302
"../../../Engine/Content/Tutorial/ContentIntroCurve.uasset" 303
"../../../Engine/Content/Tutorial/Basics/TutorialAssets/icon_tab_Levels_40x.uasset" 304
"../../../Engine/Content/Tutorial/BlueprintTutorials/TutorialAssets/Blueprint_64x.uasset" 305
"../../../Engine/Content/Tutorial/BlueprintTutorials/TutorialAssets/BlueprintInterface_64x.uasset" 306
"../../../Engine/Content/Tutorial/BlueprintTutorials/TutorialAssets/BlueprintMacroLibrary_64x.uasset" 307
"../../../Engine/Content/Tutorial/BlueprintTutorials/TutorialAssets/Tutorial_BP_Interface.uasset" 308
"../../../Engine/Content/Tutorial/Foliage/TutorialAssets/Foliage.uasset" 309
"../../../Engine/Content/Tutorial/Landscape/TutorialAssets/Landscape.uasset" 310
"../../../Engine/Content/Tutorial/Paper2D/TutorialAssets/Paper2DFlipbook_TutorialIcon.uasset" 311
"../../../Engine/Content/Tutorial/Paper2D/TutorialAssets/Paper2DSprite_TutorialIcon.uasset" 312
"../../../Engine/Content/Tutorial/SubEditors/TutorialAssets/icon_Editor_Preferences_General_40x.uasset" 313
"../../../Engine/Content/Tutorial/SubEditors/TutorialAssets/icon_ShowSkeletalMeshes_40x.uasset" 314
"../../../Engine/Content/Tutorial/SubEditors/TutorialAssets/TutorialMaterial.uasset" 315
"../../../Engine/Content/Tutorial/SubEditors/TutorialAssets/T_SmokeSubUV_8X8.uasset" 316
"../../../Engine/Content/Tutorial/SubEditors/TutorialAssets/T_soft_smoke.uasset" 317
"../../../Engine/Content/Tutorial/SubEditors/TutorialAssets/M_smoke_subUV_blackbody.uasset" 318
"../../../Engine/Content/Tutorial/SubEditors/TutorialAssets/TutorialParticleSystem.uasset" 319
"../../../Engine/Content/VREditor/Devices/Generic/GenericHMDMaterial.uasset" 320
"../../../Engine/Content/VREditor/Devices/Generic/GenericHMD.uasset" 321
"../../../Engine/Content/Functions/Engine_MaterialFunctions02/Utility/BreakOutFloat3Components.uasset" 322
"../../../Engine/Content/VREditor/Devices/Vive/VivePreController_MasksB.uasset" 323
"../../../Engine/Content/VREditor/Devices/Oculus/OculusControllerMaterial.uasset" 324
"../../../Engine/Content/VREditor/Devices/Oculus/OculusControllerMaterial_Inst.uasset" 325
"../../../Engine/Content/VREditor/Devices/Oculus/OculusControllerMesh.uasset" 326
"../../../Engine/Content/VREditor/Devices/Vive/T_VivePreController_EM.uasset" 327
"../../../Engine/Content/VREditor/Devices/Vive/VivePreController_MasksA.uasset" 328
"../../../Engine/Content/VREditor/Devices/Vive/VivePreControllerDiffuse.uasset" 329
"../../../Engine/Content/VREditor/Devices/Vive/VivePreControllerSpec.uasset" 330
"../../../Engine/Content/VREditor/LaserPointer/VR_LaserPower_01.uasset" 331
"../../../Engine/Content/VREditor/Devices/Vive/VivePreControllerMaterial.uasset" 332
"../../../Engine/Content/VREditor/Devices/Vive/VivePreControllerMaterial_Inst.uasset" 333
"../../../Engine/Content/VREditor/Devices/Vive/VivePreControllerMesh.uasset" 334
"../../../Engine/Content/VREditor/FloatingText/LineMaterial.uasset" 335
"../../../Engine/Content/VREditor/FloatingText/JointSphere.uasset" 336
"../../../Engine/Content/VREditor/FloatingText/LineSegmentCylinder.uasset" 337
"../../../Engine/Content/VREditor/Fonts/VRText_RobotoLarge.uasset" 338
"../../../Engine/Content/VREditor/Fonts/VRTextMaterial.uasset" 339
"../../../Engine/Content/VREditor/Fonts/TranslucentVRTextMaterial.uasset" 340
"../../../Engine/Content/VREditor/LaserPointer/CursorPointer.uasset" 341
"../../../Engine/Content/VREditor/TransformGizmo/TransformGizmoMaterial.uasset" 342
"../../../Engine/Content/VREditor/LaserPointer/HoverMaterial.uasset" 343
"../../../Engine/Content/VREditor/TransformGizmo/TranslucentTransformGizmoMaterial.uasset" 344
"../../../Engine/Content/VREditor/LaserPointer/TranslucentHoverMaterial.uasset" 345
"../../../Engine/Content/VREditor/LaserPointer/HoverMesh.uasset" 346
"../../../Engine/Content/VREditor/LaserPointer/LaserPointerMaterial.uasset" 347
"../../../Engine/Content/VREditor/LaserPointer/LaserPointerMaterialInst.uasset" 348
"../../../Engine/Content/VREditor/LaserPointer/TranslucentLaserPointerMaterialInst.uasset" 349
"../../../Engine/Content/VREditor/LaserPointer/LaserPointerMesh.uasset" 350
"../../../Engine/Content/VREditor/LaserPointer/LaserPointerMesh_End.uasset" 351
"../../../Engine/Content/VREditor/LaserPointer/LaserPointerMesh_Start.uasset" 352
"../../../Engine/Content/VREditor/Sounds/VR_teleport.uasset" 353
"../../../Engine/Content/VREditor/Sounds/UI/Click_on_Button.uasset" 354
"../../../Engine/Content/VREditor/Sounds/UI/Click_on_Button_Cue.uasset" 355
"../../../Engine/Content/VREditor/Sounds/UI/Dockable_Window_Close.uasset" 356
"../../../Engine/Content/VREditor/Sounds/UI/Dockable_Window_Drop.uasset" 357
"../../../Engine/Content/VREditor/Sounds/UI/Dockable_Window_Open.uasset" 358
"../../../Engine/Content/VREditor/Sounds/UI/Dockable_Window_Pick_Up.uasset" 359
"../../../Engine/Content/VREditor/Sounds/UI/Drop_Item_From_ContentBrowser.uasset" 360
"../../../Engine/Content/VREditor/Sounds/UI/Floating_UI_Open-001.uasset" 361
"../../../Engine/Content/VREditor/Sounds/UI/Radial_Menu_FadeOut.uasset" 362
"../../../Engine/Content/VREditor/Sounds/UI/Teleport_Mode_Entered.uasset" 363
"../../../Engine/Content/VREditor/Teleport/TeleportDirectionMaterial.uasset" 364
"../../../Engine/Content/VREditor/Teleport/TeleportDirectionMaterial_Inst.uasset" 365
"../../../Engine/Content/VREditor/Teleport/TeleportDirectionMesh.uasset" 366
"../../../Engine/Content/VREditor/TransformGizmo/BoundingBoxCorner.uasset" 367
"../../../Engine/Content/VREditor/TransformGizmo/BoundingBoxEdge.uasset" 368
"../../../Engine/Content/VREditor/TransformGizmo/PlaneTranslationHandle.uasset" 369
"../../../Engine/Content/VREditor/TransformGizmo/Main.uasset" 370
"../../../Engine/Content/VREditor/TransformGizmo/Xray.uasset" 371
"../../../Engine/Content/VREditor/TransformGizmo/SM_Dialog_Close.uasset" 372
"../../../Engine/Content/VREditor/TransformGizmo/SM_Dialog_Move.uasset" 373
"../../../Engine/Content/VREditor/TransformGizmo/SM_Sequencer_Key.uasset" 374
"../../../Engine/Content/VREditor/TransformGizmo/SM_Sequencer_Node.uasset" 375
"../../../Engine/Content/VREditor/TransformGizmo/TransformGizmoMaterial_Inst.uasset" 376
"../../../Engine/Content/VREditor/TransformGizmo/TranslucentTransformGizmoMaterial_Inst.uasset" 377
"../../../Engine/Content/VREditor/Devices/Vive/UE4_Logo.uasset" 378
"../../../Engine/Content/VREditor/UI/M_ContentWindow.uasset" 379
"../../../Engine/Content/VREditor/UI/SM_ContentWindow_01.uasset" 380
"../../../Engine/Content/VREditor/UI/KeyDiskMaterial.uasset" 381
"../../../Engine/Content/VREditor/UI/DiscMaterial.uasset" 382
"../../../Engine/Content/VREditor/UI/SM_Radial_Disk.uasset" 383
"../../../Engine/Content/VREditor/UI/ArrowMaterial.uasset" 384
"../../../Engine/Content/VREditor/UI/SM_Radial_Pointer.uasset" 385
"../../../Engine/Content/Functions/Engine_MaterialFunctions01/Gradient/RadialGradient.uasset" 386
"../../../Engine/Content/VREditor/WorldMovementGrid/SimpleGrid.uasset" 387
"../../../Engine/Content/VREditor/WorldMovementGrid/GridMaterial.uasset" 388
"../../../Engine/Content/Functions/Engine_MaterialFunctions01/Density/ExponentialDensity.uasset" 389
"../../../Engine/Content/VREditor/WorldMovementGrid/GridPostProcess.uasset" 390
"../../../Engine/Content/EditorLandscapeResources/FlattenHeightMat.uasset" 391
"../../../Engine/Content/VREditor/WorldMovementGrid/PlaneMesh.uasset" 392
"../../../../../../ambercaliban/Documents/GitHub/N.I.H.T_Repository/NIHT_TheGame/Content/Materials/Turret_MAT.uasset" 393
"../../../../../../ambercaliban/Documents/GitHub/N.I.H.T_Repository/NIHT_TheGame/Content/Geometry/Meshes/CubeMaterial.uasset" 394
"../../../../../../ambercaliban/Documents/GitHub/N.I.H.T_Repository/NIHT_TheGame/Content/Geometry/Meshes/1M_Cube_Chamfer.uasset" 395
"../../../../../../ambercaliban/Documents/GitHub/N.I.H.T_Repository/NIHT_TheGame/Content/Blueprints/bossDebris_BP.uasset" 396
"../../../../../../ambercaliban/Documents/GitHub/N.I.H.T_Repository/NIHT_TheGame/Content/Materials/pureEnergy_MAT.uasset" 397
"../../../../../../ambercaliban/Documents/GitHub/N.I.H.T_Repository/NIHT_TheGame/Content/StarterContent/Textures/T_Burst_M.uasset" 398
"../../../../../../ambercaliban/Documents/GitHub/N.I.H.T_Repository/NIHT_TheGame/Content/StarterContent/Particles/Materials/M_Burst.uasset" 399
"../../../../../../ambercaliban/Documents/GitHub/N.I.H.T_Repository/NIHT_TheGame/Content/StarterContent/Textures/T_Explosion_SubUV.uasset" 400
"../../../../../../ambercaliban/Documents/GitHub/N.I.H.T_Repository/NIHT_TheGame/Content/StarterContent/Particles/Materials/M_explosion_subUV.uasset" 401
"../../../../../../ambercaliban/Documents/GitHub/N.I.H.T_Repository/NIHT_TheGame/Content/StarterContent/Particles/Materials/m_flare_01.uasset" 402
"../../../../../../ambercaliban/Documents/GitHub/N.I.H.T_Repository/NIHT_TheGame/Content/StarterContent/Particles/Materials/M_radial_ramp.uasset" 403
"../../../../../../ambercaliban/Documents/GitHub/N.I.H.T_Repository/NIHT_TheGame/Content/StarterContent/Textures/T_Smoke_SubUV.uasset" 404
"../../../../../../ambercaliban/Documents/GitHub/N.I.H.T_Repository/NIHT_TheGame/Content/StarterContent/Textures/T_Smoke_Tiled_D.uasset" 405
"../../../../../../ambercaliban/Documents/GitHub/N.I.H.T_Repository/NIHT_TheGame/Content/StarterContent/Particles/Materials/M_smoke_subUV.uasset" 406
"../../../../../../ambercaliban/Documents/GitHub/N.I.H.T_Repository/NIHT_TheGame/Content/StarterContent/Particles/P_Explosion.uasset" 407
"../../../../../../ambercaliban/Documents/GitHub/N.I.H.T_Repository/NIHT_TheGame/Content/StarterContent/Materials/M_Basic_Wall.uasset" 408
"../../../../../../ambercaliban/Documents/GitHub/N.I.H.T_Repository/NIHT_TheGame/Content/StarterContent/Shapes/Shape_NarrowCapsule.uasset" 409
"../../../../../../ambercaliban/Documents/GitHub/N.I.H.T_Repository/NIHT_TheGame/Content/VFX/Effects/Explosion.uasset" 410
"../../../../../../ambercaliban/Documents/GitHub/N.I.H.T_Repository/NIHT_TheGame/Content/Blueprints/Bullets/rifleBullet_BP.uasset" 411
"../../../../../../ambercaliban/Documents/GitHub/N.I.H.T_Repository/NIHT_TheGame/Content/Blueprints/Bullets/sniperBullet_BP.uasset" 412
"../../../../../../ambercaliban/Documents/GitHub/N.I.H.T_Repository/NIHT_TheGame/Content/Materials/unpureEnergy_MAT.uasset" 413
"../../../../../../ambercaliban/Documents/GitHub/N.I.H.T_Repository/NIHT_TheGame/Content/StarterContent/Audio/Explosion01.uasset" 414
"../../../../../../ambercaliban/Documents/GitHub/N.I.H.T_Repository/NIHT_TheGame/Content/StarterContent/Shapes/Shape_Sphere.uasset" 415
"../../../../../../ambercaliban/Documents/GitHub/N.I.H.T_Repository/NIHT_TheGame/Content/Blueprints/chargedUnpureEnergyBullet_BP.uasset" 416
"../../../../../../ambercaliban/Documents/GitHub/N.I.H.T_Repository/NIHT_TheGame/Content/AnimStarterPack/UE4_Mannequin/Mesh/UE4_Mannequin_Skeleton.uasset" 417
"../../../../../../ambercaliban/Documents/GitHub/N.I.H.T_Repository/NIHT_TheGame/Content/AnimStarterPack/Idle_Rifle_Hip.uasset" 418
"../../../../../../ambercaliban/Documents/GitHub/N.I.H.T_Repository/NIHT_TheGame/Content/AimPoses/Aim_Center.uasset" 419
"../../../../../../ambercaliban/Documents/GitHub/N.I.H.T_Repository/NIHT_TheGame/Content/AimPoses/Aim_Center_Down.uasset" 420
"../../../../../../ambercaliban/Documents/GitHub/N.I.H.T_Repository/NIHT_TheGame/Content/AimPoses/Aim_Center_Up.uasset" 421
"../../../../../../ambercaliban/Documents/GitHub/N.I.H.T_Repository/NIHT_TheGame/Content/AimPoses/Aim_Left_Center.uasset" 422
"../../../../../../ambercaliban/Documents/GitHub/N.I.H.T_Repository/NIHT_TheGame/Content/AimPoses/Aim_Left_Down.uasset" 423
"../../../../../../ambercaliban/Documents/GitHub/N.I.H.T_Repository/NIHT_TheGame/Content/AimPoses/Aim_Left_Up.uasset" 424
"../../../../../../ambercaliban/Documents/GitHub/N.I.H.T_Repository/NIHT_TheGame/Content/AimPoses/Aim_Right_Center.uasset" 425
"../../../../../../ambercaliban/Documents/GitHub/N.I.H.T_Repository/NIHT_TheGame/Content/AimPoses/Aim_Right_Down.uasset" 426
"../../../../../../ambercaliban/Documents/GitHub/N.I.H.T_Repository/NIHT_TheGame/Content/AimPoses/Aim_Right_Up.uasset" 427
"../../../../../../ambercaliban/Documents/GitHub/N.I.H.T_Repository/NIHT_TheGame/Content/AnimStarterPack/UE4_Mannequin/Mesh/AimOffset.uasset" 428
"../../../../../../ambercaliban/Documents/GitHub/N.I.H.T_Repository/NIHT_TheGame/Content/AnimStarterPack/Idle_Rifle_Ironsights.uasset" 429
"../../../../../../ambercaliban/Documents/GitHub/N.I.H.T_Repository/NIHT_TheGame/Content/AnimStarterPack/Jump_From_Jog.uasset" 430
"../../../../../../ambercaliban/Documents/GitHub/N.I.H.T_Repository/NIHT_TheGame/Content/AnimStarterPack/Jump_From_Stand.uasset" 431
"../../../../../../ambercaliban/Documents/GitHub/N.I.H.T_Repository/NIHT_TheGame/Content/AnimStarterPack/Reload_Rifle_Hip.uasset" 432
"../../../../../../ambercaliban/Documents/GitHub/N.I.H.T_Repository/NIHT_TheGame/Content/AnimStarterPack/Reload_Shotgun_Hip.uasset" 433
"../../../../../../ambercaliban/Documents/GitHub/N.I.H.T_Repository/NIHT_TheGame/Content/AnimStarterPack/Idle_Rifle_Hip_Break1.uasset" 434
"../../../../../../ambercaliban/Documents/GitHub/N.I.H.T_Repository/NIHT_TheGame/Content/AnimStarterPack/Jog_Bwd_Rifle.uasset" 435
"../../../../../../ambercaliban/Documents/GitHub/N.I.H.T_Repository/NIHT_TheGame/Content/AnimStarterPack/Jog_Fwd_Rifle.uasset" 436
"../../../../../../ambercaliban/Documents/GitHub/N.I.H.T_Repository/NIHT_TheGame/Content/AnimStarterPack/Jog_Lt_Rifle.uasset" 437
"../../../../../../ambercaliban/Documents/GitHub/N.I.H.T_Repository/NIHT_TheGame/Content/AnimStarterPack/Jog_Rt_Rifle.uasset" 438
"../../../../../../ambercaliban/Documents/GitHub/N.I.H.T_Repository/NIHT_TheGame/Content/ThirdPersonBP/Blueprints/BS.uasset" 439
"../../../../../../ambercaliban/Documents/GitHub/N.I.H.T_Repository/NIHT_TheGame/Content/AnimStarterPack/Walk_Bwd_Rifle_Ironsights.uasset" 440
"../../../../../../ambercaliban/Documents/GitHub/N.I.H.T_Repository/NIHT_TheGame/Content/AnimStarterPack/Walk_Fwd_Rifle_Ironsights.uasset" 441
"../../../../../../ambercaliban/Documents/GitHub/N.I.H.T_Repository/NIHT_TheGame/Content/AnimStarterPack/Walk_Lt_Rifle_Ironsights.uasset" 442
"../../../../../../ambercaliban/Documents/GitHub/N.I.H.T_Repository/NIHT_TheGame/Content/AnimStarterPack/Walk_Rt_Rifle_Ironsights.uasset" 443
"../../../../../../ambercaliban/Documents/GitHub/N.I.H.T_Repository/NIHT_TheGame/Content/ThirdPersonBP/Blueprints/BS_WalkingHip_Aim.uasset" 444
"../../../Engine/Content/Functions/Engine_MaterialFunctions02/Utility/BlendAngleCorrectedNormals.uasset" 445
"../../../Engine/Content/Functions/MaterialLayerFunctions/MatLayerBlend_NormalBlend.uasset" 446
"../../../Engine/Content/Functions/MaterialLayerFunctions/MatLayerBlend_Simple.uasset" 447
"../../../../../../ambercaliban/Documents/GitHub/N.I.H.T_Repository/NIHT_TheGame/Content/FirstPerson/FPWeapon/Materials/MaterialLayers/T_ML_Rubber_Blue_01_D.uasset" 448
"../../../../../../ambercaliban/Documents/GitHub/N.I.H.T_Repository/NIHT_TheGame/Content/FirstPerson/FPWeapon/Materials/MaterialLayers/T_ML_Rubber_Blue_01_N.uasset" 449
"../../../../../../ambercaliban/Documents/GitHub/N.I.H.T_Repository/NIHT_TheGame/Content/FirstPerson/FPWeapon/Materials/MaterialLayers/ML_GlossyBlack_Latex_UE4.uasset" 450
"../../../../../../ambercaliban/Documents/GitHub/N.I.H.T_Repository/NIHT_TheGame/Content/FirstPerson/FPWeapon/Materials/MaterialLayers/ML_Plastic_Shiny_Beige.uasset" 451
"../../../../../../ambercaliban/Documents/GitHub/N.I.H.T_Repository/NIHT_TheGame/Content/FirstPerson/FPWeapon/Materials/MaterialLayers/ML_Screen.uasset" 452
"../../../../../../ambercaliban/Documents/GitHub/N.I.H.T_Repository/NIHT_TheGame/Content/FirstPerson/FPWeapon/Materials/MaterialLayers/T_ML_Aluminum01.uasset" 453
"../../../../../../ambercaliban/Documents/GitHub/N.I.H.T_Repository/NIHT_TheGame/Content/FirstPerson/FPWeapon/Materials/MaterialLayers/T_ML_Aluminum01_N.uasset" 454
"../../../../../../ambercaliban/Documents/GitHub/N.I.H.T_Repository/NIHT_TheGame/Content/FirstPerson/FPWeapon/Materials/MaterialLayers/ML_SoftMetal_UE4.uasset" 455
"../../../../../../ambercaliban/Documents/GitHub/N.I.H.T_Repository/NIHT_TheGame/Content/FirstPerson/FPWeapon/Textures/T_FPGun_M.uasset" 456
"../../../../../../ambercaliban/Documents/GitHub/N.I.H.T_Repository/NIHT_TheGame/Content/FirstPerson/FPWeapon/Textures/T_FPGun_N.uasset" 457
"../../../../../../ambercaliban/Documents/GitHub/N.I.H.T_Repository/NIHT_TheGame/Content/FirstPerson/FPWeapon/Materials/M_FPGun.uasset" 458
"../../../../../../ambercaliban/Documents/GitHub/N.I.H.T_Repository/NIHT_TheGame/Content/FirstPerson/FPWeapon/Mesh/SK_FPGun_Skeleton.uasset" 459
"../../../../../../ambercaliban/Documents/GitHub/N.I.H.T_Repository/NIHT_TheGame/Content/FirstPerson/FPWeapon/Mesh/SK_FPGun.uasset" 460
"../../../../../../ambercaliban/Documents/GitHub/N.I.H.T_Repository/NIHT_TheGame/Content/SFX/ARFire_PH_SFX.uasset" 461
"../../../../../../ambercaliban/Documents/GitHub/N.I.H.T_Repository/NIHT_TheGame/Content/SFX/ARFireDry_PH_SFX.uasset" 462
"../../../../../../ambercaliban/Documents/GitHub/N.I.H.T_Repository/NIHT_TheGame/Content/SFX/ARFullReload_PH_SFX.uasset" 463
"../../../../../../ambercaliban/Documents/GitHub/N.I.H.T_Repository/NIHT_TheGame/Content/SFX/ARHalfReload_PH_SFX.uasset" 464
"../../../../../../ambercaliban/Documents/GitHub/N.I.H.T_Repository/NIHT_TheGame/Content/Blueprints/Weapons/AssaultRifle_BP.uasset" 465
"../../../../../../ambercaliban/Documents/GitHub/N.I.H.T_Repository/NIHT_TheGame/Content/SFX/SGFire_PH_SFX.uasset" 466
"../../../../../../ambercaliban/Documents/GitHub/N.I.H.T_Repository/NIHT_TheGame/Content/Blueprints/Weapons/Shotgun_BP.uasset" 467
"../../../../../../ambercaliban/Documents/GitHub/N.I.H.T_Repository/NIHT_TheGame/Content/SFX/SRFire_PH_SFX.uasset" 468
"../../../../../../ambercaliban/Documents/GitHub/N.I.H.T_Repository/NIHT_TheGame/Content/lambert2.uasset" 469
"../../../../../../ambercaliban/Documents/GitHub/N.I.H.T_Repository/NIHT_TheGame/Content/sniperRifle_PH.uasset" 470
"../../../../../../ambercaliban/Documents/GitHub/N.I.H.T_Repository/NIHT_TheGame/Content/Blueprints/Weapons/Sniper_BP.uasset" 471
"../../../../../../ambercaliban/Documents/GitHub/N.I.H.T_Repository/NIHT_TheGame/Content/ThirdPersonBP/Blueprints/Anim_BP_TPS_Player.uasset" 472
"../../../../../../ambercaliban/Documents/GitHub/N.I.H.T_Repository/NIHT_TheGame/Content/AnimStarterPack/Death_2.uasset" 473
"../../../../../../ambercaliban/Documents/GitHub/N.I.H.T_Repository/NIHT_TheGame/Content/Blueprints/Pick-Ups/AmmoCrate_BI.uasset" 474
"../../../../../../ambercaliban/Documents/GitHub/N.I.H.T_Repository/NIHT_TheGame/Content/StarterContent/Textures/T_MacroVariation.uasset" 475
"../../../../../../ambercaliban/Documents/GitHub/N.I.H.T_Repository/NIHT_TheGame/Content/StarterContent/Textures/T_Metal_Copper_D.uasset" 476
"../../../../../../ambercaliban/Documents/GitHub/N.I.H.T_Repository/NIHT_TheGame/Content/StarterContent/Textures/T_Metal_Gold_N.uasset" 477
"../../../../../../ambercaliban/Documents/GitHub/N.I.H.T_Repository/NIHT_TheGame/Content/StarterContent/Materials/M_Metal_Copper.uasset" 478
"../../../../../../ambercaliban/Documents/GitHub/N.I.H.T_Repository/NIHT_TheGame/Content/Blueprints/Pick-Ups/Ammo/ARAmmo_BP.uasset" 479
"../../../../../../ambercaliban/Documents/GitHub/N.I.H.T_Repository/NIHT_TheGame/Content/StarterContent/Materials/M_Metal_Chrome.uasset" 480
"../../../../../../ambercaliban/Documents/GitHub/N.I.H.T_Repository/NIHT_TheGame/Content/Blueprints/Pick-Ups/Ammo/SGAmmo_BP.uasset" 481
"../../../../../../ambercaliban/Documents/GitHub/N.I.H.T_Repository/NIHT_TheGame/Content/StarterContent/Textures/T_Metal_Gold_D.uasset" 482
"../../../../../../ambercaliban/Documents/GitHub/N.I.H.T_Repository/NIHT_TheGame/Content/StarterContent/Materials/M_Metal_Gold.uasset" 483
"../../../../../../ambercaliban/Documents/GitHub/N.I.H.T_Repository/NIHT_TheGame/Content/Blueprints/Pick-Ups/Ammo/SRAmmo_BP.uasset" 484
"../../../../../../ambercaliban/Documents/GitHub/N.I.H.T_Repository/NIHT_TheGame/Content/Materials/HealthPack.uasset" 485
"../../../../../../ambercaliban/Documents/GitHub/N.I.H.T_Repository/NIHT_TheGame/Content/Blueprints/Pick-Ups/RestorationSpray_BP.uasset" 486
"../../../../../../ambercaliban/Documents/GitHub/N.I.H.T_Repository/NIHT_TheGame/Content/StarterContent/Shapes/Shape_WideCapsule.uasset" 487
"../../../../../../ambercaliban/Documents/GitHub/N.I.H.T_Repository/NIHT_TheGame/Content/Blueprints/Pick-Ups/SmallAmmoCrate_BP.uasset" 488
"../../../../../../ambercaliban/Documents/GitHub/N.I.H.T_Repository/NIHT_TheGame/Content/Blueprints/unpureEnergy_Bullet.uasset" 489
"../../../../../../ambercaliban/Documents/GitHub/N.I.H.T_Repository/NIHT_TheGame/Content/UI/Assets/Panton-BlackCaps.uasset" 490
"../../../../../../ambercaliban/Documents/GitHub/N.I.H.T_Repository/NIHT_TheGame/Content/UI/Assets/Panton-BlackCaps_Font.uasset" 491
"../../../../../../ambercaliban/Documents/GitHub/N.I.H.T_Repository/NIHT_TheGame/Content/UI/Assets/EnergyBar_v2.uasset" 492
"../../../../../../ambercaliban/Documents/GitHub/N.I.H.T_Repository/NIHT_TheGame/Content/UI/Assets/HealthBar_v2.uasset" 493
"../../../../../../ambercaliban/Documents/GitHub/N.I.H.T_Repository/NIHT_TheGame/Content/UI/Assets/MainSlot.uasset" 494
"../../../../../../ambercaliban/Documents/GitHub/N.I.H.T_Repository/NIHT_TheGame/Content/UI/Assets/WeaponSlot.uasset" 495
"../../../../../../ambercaliban/Documents/GitHub/N.I.H.T_Repository/NIHT_TheGame/Content/UI/HUD.uasset" 496
"../../../Engine/Content/Functions/MaterialLayerFunctions/MatLayerBlend_AO.uasset" 497
"../../../../../../ambercaliban/Documents/GitHub/N.I.H.T_Repository/NIHT_TheGame/Content/AnimStarterPack/UE4_Mannequin/Materials/MaterialLayers/T_ML_Rubber_Blue_01_D.uasset" 498
"../../../../../../ambercaliban/Documents/GitHub/N.I.H.T_Repository/NIHT_TheGame/Content/AnimStarterPack/UE4_Mannequin/Materials/MaterialLayers/T_ML_Rubber_Blue_01_N.uasset" 499
"../../../../../../ambercaliban/Documents/GitHub/N.I.H.T_Repository/NIHT_TheGame/Content/AnimStarterPack/UE4_Mannequin/Materials/MaterialLayers/ML_GlossyBlack_Latex_UE4.uasset" 500
"../../../../../../ambercaliban/Documents/GitHub/N.I.H.T_Repository/NIHT_TheGame/Content/AnimStarterPack/UE4_Mannequin/Materials/MaterialLayers/ML_Plastic_Shiny_Beige.uasset" 501
"../../../../../../ambercaliban/Documents/GitHub/N.I.H.T_Repository/NIHT_TheGame/Content/AnimStarterPack/UE4_Mannequin/Textures/UE4_LOGO_CARD.uasset" 502
"../../../../../../ambercaliban/Documents/GitHub/N.I.H.T_Repository/NIHT_TheGame/Content/AnimStarterPack/UE4_Mannequin/Materials/MaterialLayers/ML_Plastic_Shiny_Beige_LOGO.uasset" 503
"../../../../../../ambercaliban/Documents/GitHub/N.I.H.T_Repository/NIHT_TheGame/Content/AnimStarterPack/UE4_Mannequin/Materials/MaterialLayers/T_ML_Aluminum01.uasset" 504
"../../../../../../ambercaliban/Documents/GitHub/N.I.H.T_Repository/NIHT_TheGame/Content/AnimStarterPack/UE4_Mannequin/Materials/MaterialLayers/T_ML_Aluminum01_N.uasset" 505
"../../../../../../ambercaliban/Documents/GitHub/N.I.H.T_Repository/NIHT_TheGame/Content/AnimStarterPack/UE4_Mannequin/Materials/MaterialLayers/ML_SoftMetal_UE4.uasset" 506
"../../../../../../ambercaliban/Documents/GitHub/N.I.H.T_Repository/NIHT_TheGame/Content/AnimStarterPack/UE4_Mannequin/Textures/UE4_Mannequin__normals.uasset" 507
"../../../../../../ambercaliban/Documents/GitHub/N.I.H.T_Repository/NIHT_TheGame/Content/AnimStarterPack/UE4_Mannequin/Textures/UE4_Mannequin_MAT_MASKA.uasset" 508
"../../../../../../ambercaliban/Documents/GitHub/N.I.H.T_Repository/NIHT_TheGame/Content/AnimStarterPack/UE4_Mannequin/Textures/UE4_Mannequin_occlusion_Mobile.uasset" 509
"../../../../../../ambercaliban/Documents/GitHub/N.I.H.T_Repository/NIHT_TheGame/Content/AnimStarterPack/UE4_Mannequin/Materials/M_UE4Man_Body.uasset" 510
"../../../../../../ambercaliban/Documents/GitHub/N.I.H.T_Repository/NIHT_TheGame/Content/AnimStarterPack/UE4_Mannequin/Textures/UE4Man_Logo_N.uasset" 511
"../../../../../../ambercaliban/Documents/GitHub/N.I.H.T_Repository/NIHT_TheGame/Content/AnimStarterPack/UE4_Mannequin/Materials/M_UE4Man_ChestLogo.uasset" 512
"../../../../../../ambercaliban/Documents/GitHub/N.I.H.T_Repository/NIHT_TheGame/Content/AnimStarterPack/UE4_Mannequin/Mesh/SK_Mannequin_PhysicsAsset.uasset" 513
"../../../../../../ambercaliban/Documents/GitHub/N.I.H.T_Repository/NIHT_TheGame/Content/AnimStarterPack/UE4_Mannequin/Mesh/SK_Mannequin.uasset" 514
"../../../../../../ambercaliban/Documents/GitHub/N.I.H.T_Repository/NIHT_TheGame/Content/StarterContent/Particles/Materials/M_Radial_Gradient.uasset" 515
"../../../../../../ambercaliban/Documents/GitHub/N.I.H.T_Repository/NIHT_TheGame/Content/StarterContent/Textures/T_Spark_Core.uasset" 516
"../../../../../../ambercaliban/Documents/GitHub/N.I.H.T_Repository/NIHT_TheGame/Content/StarterContent/Particles/Materials/M_Spark.uasset" 517
"../../../../../../ambercaliban/Documents/GitHub/N.I.H.T_Repository/NIHT_TheGame/Content/StarterContent/Particles/P_Sparks.uasset" 518
"../../../../../../ambercaliban/Documents/GitHub/N.I.H.T_Repository/NIHT_TheGame/Content/UI/HealthBar.uasset" 519
"../../../../../../ambercaliban/Documents/GitHub/N.I.H.T_Repository/NIHT_TheGame/Content/UI/PauseMenu_Widget.uasset" 520
"../../../../../../ambercaliban/Documents/GitHub/N.I.H.T_Repository/NIHT_TheGame/Content/UI/Assets/AR_SnpNormal.uasset" 521
"../../../../../../ambercaliban/Documents/GitHub/N.I.H.T_Repository/NIHT_TheGame/Content/UI/Reticle.uasset" 522
"../../../../../../ambercaliban/Documents/GitHub/N.I.H.T_Repository/NIHT_TheGame/Content/UI/WeaponSlot.uasset" 523
"../../../../../../ambercaliban/Documents/GitHub/N.I.H.T_Repository/NIHT_TheGame/Content/ThirdPersonBP/Blueprints/ThirdPersonCharacter.uasset" 524
"../../../Engine/Content/BasicShapes/BasicShapeMaterial.uasset" 525
"../../../Engine/Content/BasicShapes/Cube.uasset" 526
"../../../../../../ambercaliban/Documents/GitHub/N.I.H.T_Repository/NIHT_TheGame/Content/Blueprints/Dungeon_BP.uasset" 527
"../../../../../../ambercaliban/Documents/GitHub/N.I.H.T_Repository/NIHT_TheGame/Content/StarterContent/Textures/T_Metal_Steel_D.uasset" 528
"../../../../../../ambercaliban/Documents/GitHub/N.I.H.T_Repository/NIHT_TheGame/Content/StarterContent/Textures/T_Metal_Steel_N.uasset" 529
"../../../../../../ambercaliban/Documents/GitHub/N.I.H.T_Repository/NIHT_TheGame/Content/StarterContent/Materials/M_Metal_Steel.uasset" 530
"../../../../../../ambercaliban/Documents/GitHub/N.I.H.T_Repository/NIHT_TheGame/Content/Blueprints/rocket_BP.uasset" 531
"../../../../../../ambercaliban/Documents/GitHub/N.I.H.T_Repository/NIHT_TheGame/Content/StarterContent/Textures/T_Tech_Hex_Tile_M.uasset" 532
"../../../../../../ambercaliban/Documents/GitHub/N.I.H.T_Repository/NIHT_TheGame/Content/StarterContent/Textures/T_Tech_Hex_Tile_N.uasset" 533
"../../../../../../ambercaliban/Documents/GitHub/N.I.H.T_Repository/NIHT_TheGame/Content/StarterContent/Materials/M_Tech_Hex_Tile_Pulse.uasset" 534
"../../../../../../ambercaliban/Documents/GitHub/N.I.H.T_Repository/NIHT_TheGame/Content/Blueprints/Rockets.uasset" 535
"../../../../../../ambercaliban/Documents/GitHub/N.I.H.T_Repository/NIHT_TheGame/Content/Geometry/Meshes/1M_Cube.uasset" 536
"../../../../../../ambercaliban/Documents/GitHub/N.I.H.T_Repository/NIHT_TheGame/Content/SFX/RocketLaunch_PH_SFX.uasset" 537
"../../../../../../ambercaliban/Documents/GitHub/N.I.H.T_Repository/NIHT_TheGame/Content/StarterContent/Audio/Explosion02.uasset" 538
"../../../../../../ambercaliban/Documents/GitHub/N.I.H.T_Repository/NIHT_TheGame/Content/StarterContent/Textures/T_Fire_SubUV.uasset" 539
"../../../../../../ambercaliban/Documents/GitHub/N.I.H.T_Repository/NIHT_TheGame/Content/StarterContent/Textures/T_Fire_Tiled_D.uasset" 540
"../../../../../../ambercaliban/Documents/GitHub/N.I.H.T_Repository/NIHT_TheGame/Content/StarterContent/Particles/Materials/M_Fire_SubUV.uasset" 541
"../../../../../../ambercaliban/Documents/GitHub/N.I.H.T_Repository/NIHT_TheGame/Content/StarterContent/Textures/T_Water_N.uasset" 542
"../../../../../../ambercaliban/Documents/GitHub/N.I.H.T_Repository/NIHT_TheGame/Content/StarterContent/Particles/Materials/M_Heat_Distortion.uasset" 543
"../../../../../../ambercaliban/Documents/GitHub/N.I.H.T_Repository/NIHT_TheGame/Content/StarterContent/Particles/P_Fire.uasset" 544
"../../../../../../ambercaliban/Documents/GitHub/N.I.H.T_Repository/NIHT_TheGame/Content/StarterContent/Shapes/Shape_Cylinder.uasset" 545
"../../../../../../ambercaliban/Documents/GitHub/N.I.H.T_Repository/NIHT_TheGame/Content/Materials/shield_PH_MAT.uasset" 546
"../../../../../../ambercaliban/Documents/GitHub/N.I.H.T_Repository/NIHT_TheGame/Content/StarterContent/Props/MaterialSphere.uasset" 547
"../../../../../../ambercaliban/Documents/GitHub/N.I.H.T_Repository/NIHT_TheGame/Content/VFX/BubbleShield_VFX.uasset" 548
"../../../../../../ambercaliban/Documents/GitHub/N.I.H.T_Repository/NIHT_TheGame/Content/Blueprints/EnemyAI/Boss_BP.uasset" 549
"../../../../../../ambercaliban/Documents/GitHub/N.I.H.T_Repository/NIHT_TheGame/Content/lambert3.uasset" 550
"../../../../../../ambercaliban/Documents/GitHub/N.I.H.T_Repository/NIHT_TheGame/Content/Swarmer_Scaled.uasset" 551
"../../../../../../ambercaliban/Documents/GitHub/N.I.H.T_Repository/NIHT_TheGame/Content/UI/EnemyHealthBar.uasset" 552
"../../../../../../ambercaliban/Documents/GitHub/N.I.H.T_Repository/NIHT_TheGame/Content/Blueprints/EnemyAI/Charger_BP.uasset" 553
"../../../../../../ambercaliban/Documents/GitHub/N.I.H.T_Repository/NIHT_TheGame/Content/Blueprints/EnemyAI/Body_frame.uasset" 554
"../../../../../../ambercaliban/Documents/GitHub/N.I.H.T_Repository/NIHT_TheGame/Content/Blueprints/EnemyAI/Body_rim.uasset" 555
"../../../../../../ambercaliban/Documents/GitHub/N.I.H.T_Repository/NIHT_TheGame/Content/Blueprints/EnemyAI/lambert2.uasset" 556
"../../../../../../ambercaliban/Documents/GitHub/N.I.H.T_Repository/NIHT_TheGame/Content/Blueprints/EnemyAI/Wing_tran.uasset" 557
"../../../../../../ambercaliban/Documents/GitHub/N.I.H.T_Repository/NIHT_TheGame/Content/Blueprints/EnemyAI/Patroller_PH.uasset" 558
"../../../../../../ambercaliban/Documents/GitHub/N.I.H.T_Repository/NIHT_TheGame/Content/Blueprints/EnemyAI/Patroller_BP.uasset" 559
"../../../../../../ambercaliban/Documents/GitHub/N.I.H.T_Repository/NIHT_TheGame/Content/Blueprints/EnemyAI/Turret_BP.uasset" 560
"../../../../../../ambercaliban/Documents/GitHub/N.I.H.T_Repository/NIHT_TheGame/Content/Materials/ExplosiveBarrel_MAT.uasset" 561
"../../../../../../ambercaliban/Documents/GitHub/N.I.H.T_Repository/NIHT_TheGame/Content/Blueprints/EnvironmentProps/ExplosiveBarrel.uasset" 562
"../../../../../../ambercaliban/Documents/GitHub/N.I.H.T_Repository/NIHT_TheGame/Content/Blueprints/Level/BlockLvl_pCube10Mat.uasset" 563
"../../../../../../ambercaliban/Documents/GitHub/N.I.H.T_Repository/NIHT_TheGame/Content/Blueprints/Level/Block_Lvl_BlockLvl_pCube10.uasset" 564
"../../../../../../ambercaliban/Documents/GitHub/N.I.H.T_Repository/NIHT_TheGame/Content/Blueprints/Level/BlockLvl_pCube111Mat.uasset" 565
"../../../../../../ambercaliban/Documents/GitHub/N.I.H.T_Repository/NIHT_TheGame/Content/Blueprints/Level/Block_Lvl_BlockLvl_pCube111.uasset" 566
"../../../../../../ambercaliban/Documents/GitHub/N.I.H.T_Repository/NIHT_TheGame/Content/Blueprints/Level/BlockLvl_pCube112Mat.uasset" 567
"../../../../../../ambercaliban/Documents/GitHub/N.I.H.T_Repository/NIHT_TheGame/Content/Blueprints/Level/Block_Lvl_BlockLvl_pCube112.uasset" 568
"../../../../../../ambercaliban/Documents/GitHub/N.I.H.T_Repository/NIHT_TheGame/Content/Blueprints/Level/BlockLvl_pCube115Mat.uasset" 569
"../../../../../../ambercaliban/Documents/GitHub/N.I.H.T_Repository/NIHT_TheGame/Content/Blueprints/Level/Block_Lvl_BlockLvl_pCube115.uasset" 570
"../../../../../../ambercaliban/Documents/GitHub/N.I.H.T_Repository/NIHT_TheGame/Content/Blueprints/Level/BlockLvl_pCube116Mat.uasset" 571
"../../../../../../ambercaliban/Documents/GitHub/N.I.H.T_Repository/NIHT_TheGame/Content/Blueprints/Level/Block_Lvl_BlockLvl_pCube116.uasset" 572
"../../../../../../ambercaliban/Documents/GitHub/N.I.H.T_Repository/NIHT_TheGame/Content/Blueprints/Level/BlockLvl_pCube117Mat.uasset" 573
"../../../../../../ambercaliban/Documents/GitHub/N.I.H.T_Repository/NIHT_TheGame/Content/Blueprints/Level/Block_Lvl_BlockLvl_pCube117.uasset" 574
"../../../../../../ambercaliban/Documents/GitHub/N.I.H.T_Repository/NIHT_TheGame/Content/Blueprints/Level/BlockLvl_pCube118Mat.uasset" 575
"../../../../../../ambercaliban/Documents/GitHub/N.I.H.T_Repository/NIHT_TheGame/Content/Blueprints/Level/Block_Lvl_BlockLvl_pCube118.uasset" 576
"../../../../../../ambercaliban/Documents/GitHub/N.I.H.T_Repository/NIHT_TheGame/Content/Blueprints/Level/BlockLvl_pCube119Mat.uasset" 577
"../../../../../../ambercaliban/Documents/GitHub/N.I.H.T_Repository/NIHT_TheGame/Content/Blueprints/Level/Block_Lvl_BlockLvl_pCube119.uasset" 578
"../../../../../../ambercaliban/Documents/GitHub/N.I.H.T_Repository/NIHT_TheGame/Content/Blueprints/Level/BlockLvl_pCube120Mat.uasset" 579
"../../../../../../ambercaliban/Documents/GitHub/N.I.H.T_Repository/NIHT_TheGame/Content/Blueprints/Level/Block_Lvl_BlockLvl_pCube120.uasset" 580
"../../../../../../ambercaliban/Documents/GitHub/N.I.H.T_Repository/NIHT_TheGame/Content/Blueprints/Level/BlockLvl_pCube121Mat.uasset" 581
"../../../../../../ambercaliban/Documents/GitHub/N.I.H.T_Repository/NIHT_TheGame/Content/Blueprints/Level/Block_Lvl_BlockLvl_pCube121.uasset" 582
"../../../../../../ambercaliban/Documents/GitHub/N.I.H.T_Repository/NIHT_TheGame/Content/Blueprints/Level/BlockLvl_pCube122Mat.uasset" 583
"../../../../../../ambercaliban/Documents/GitHub/N.I.H.T_Repository/NIHT_TheGame/Content/Blueprints/Level/Block_Lvl_BlockLvl_pCube122.uasset" 584
"../../../../../../ambercaliban/Documents/GitHub/N.I.H.T_Repository/NIHT_TheGame/Content/Blueprints/Level/BlockLvl_pCube123Mat.uasset" 585
"../../../../../../ambercaliban/Documents/GitHub/N.I.H.T_Repository/NIHT_TheGame/Content/Blueprints/Level/Block_Lvl_BlockLvl_pCube123.uasset" 586
"../../../../../../ambercaliban/Documents/GitHub/N.I.H.T_Repository/NIHT_TheGame/Content/Blueprints/Level/BlockLvl_pCube124Mat.uasset" 587
"../../../../../../ambercaliban/Documents/GitHub/N.I.H.T_Repository/NIHT_TheGame/Content/Blueprints/Level/Block_Lvl_BlockLvl_pCube124.uasset" 588
"../../../../../../ambercaliban/Documents/GitHub/N.I.H.T_Repository/NIHT_TheGame/Content/Blueprints/Level/BlockLvl_pCube125Mat.uasset" 589
"../../../../../../ambercaliban/Documents/GitHub/N.I.H.T_Repository/NIHT_TheGame/Content/Blueprints/Level/Block_Lvl_BlockLvl_pCube125.uasset" 590
"../../../../../../ambercaliban/Documents/GitHub/N.I.H.T_Repository/NIHT_TheGame/Content/Blueprints/Level/BlockLvl_pCube126Mat.uasset" 591
"../../../../../../ambercaliban/Documents/GitHub/N.I.H.T_Repository/NIHT_TheGame/Content/Blueprints/Level/Block_Lvl_BlockLvl_pCube126.uasset" 592
"../../../../../../ambercaliban/Documents/GitHub/N.I.H.T_Repository/NIHT_TheGame/Content/Blueprints/Level/BlockLvl_pCube127Mat.uasset" 593
"../../../../../../ambercaliban/Documents/GitHub/N.I.H.T_Repository/NIHT_TheGame/Content/Blueprints/Level/Block_Lvl_BlockLvl_pCube127.uasset" 594
"../../../../../../ambercaliban/Documents/GitHub/N.I.H.T_Repository/NIHT_TheGame/Content/Blueprints/Level/BlockLvl_pCube14Mat.uasset" 595
"../../../../../../ambercaliban/Documents/GitHub/N.I.H.T_Repository/NIHT_TheGame/Content/Blueprints/Level/Block_Lvl_BlockLvl_pCube14.uasset" 596
"../../../../../../ambercaliban/Documents/GitHub/N.I.H.T_Repository/NIHT_TheGame/Content/Blueprints/Level/BlockLvl_pCube15Mat.uasset" 597
"../../../../../../ambercaliban/Documents/GitHub/N.I.H.T_Repository/NIHT_TheGame/Content/Blueprints/Level/Block_Lvl_BlockLvl_pCube15.uasset" 598
"../../../../../../ambercaliban/Documents/GitHub/N.I.H.T_Repository/NIHT_TheGame/Content/Blueprints/Level/BlockLvl_pCube5Mat.uasset" 599
"../../../../../../ambercaliban/Documents/GitHub/N.I.H.T_Repository/NIHT_TheGame/Content/Blueprints/Level/Block_Lvl_BlockLvl_pCube5.uasset" 600
"../../../../../../ambercaliban/Documents/GitHub/N.I.H.T_Repository/NIHT_TheGame/Content/Blueprints/Level/BlockLvl_pCube83Mat.uasset" 601
"../../../../../../ambercaliban/Documents/GitHub/N.I.H.T_Repository/NIHT_TheGame/Content/Blueprints/Level/Block_Lvl_BlockLvl_pCube83.uasset" 602
"../../../../../../ambercaliban/Documents/GitHub/N.I.H.T_Repository/NIHT_TheGame/Content/Blueprints/Level/BlockLvl_pCube84Mat.uasset" 603
"../../../../../../ambercaliban/Documents/GitHub/N.I.H.T_Repository/NIHT_TheGame/Content/Blueprints/Level/Block_Lvl_BlockLvl_pCube84.uasset" 604
"../../../../../../ambercaliban/Documents/GitHub/N.I.H.T_Repository/NIHT_TheGame/Content/Blueprints/Level/BlockLvl_pCube85Mat.uasset" 605
"../../../../../../ambercaliban/Documents/GitHub/N.I.H.T_Repository/NIHT_TheGame/Content/Blueprints/Level/Block_Lvl_BlockLvl_pCube85.uasset" 606
"../../../../../../ambercaliban/Documents/GitHub/N.I.H.T_Repository/NIHT_TheGame/Content/Blueprints/Level/BlockLvl_pCube86Mat.uasset" 607
"../../../../../../ambercaliban/Documents/GitHub/N.I.H.T_Repository/NIHT_TheGame/Content/Blueprints/Level/Block_Lvl_BlockLvl_pCube86.uasset" 608
"../../../../../../ambercaliban/Documents/GitHub/N.I.H.T_Repository/NIHT_TheGame/Content/Blueprints/Level/BlockLvl_pCylinder1Mat.uasset" 609
"../../../../../../ambercaliban/Documents/GitHub/N.I.H.T_Repository/NIHT_TheGame/Content/Blueprints/Level/Block_Lvl_BlockLvl_pCylinder1.uasset" 610
"../../../../../../ambercaliban/Documents/GitHub/N.I.H.T_Repository/NIHT_TheGame/Content/Blueprints/Level/BlockLvl_pCylinder2Mat.uasset" 611
"../../../../../../ambercaliban/Documents/GitHub/N.I.H.T_Repository/NIHT_TheGame/Content/Blueprints/Level/Block_Lvl_BlockLvl_pCylinder2.uasset" 612
"../../../../../../ambercaliban/Documents/GitHub/N.I.H.T_Repository/NIHT_TheGame/Content/Blueprints/Level/BlockLvl_Wall10Mat.uasset" 613
"../../../../../../ambercaliban/Documents/GitHub/N.I.H.T_Repository/NIHT_TheGame/Content/Blueprints/Level/Block_Lvl_BlockLvl_Wall10.uasset" 614
"../../../../../../ambercaliban/Documents/GitHub/N.I.H.T_Repository/NIHT_TheGame/Content/Blueprints/Level/BlockLvl_Wall11Mat.uasset" 615
"../../../../../../ambercaliban/Documents/GitHub/N.I.H.T_Repository/NIHT_TheGame/Content/Blueprints/Level/Block_Lvl_BlockLvl_Wall11.uasset" 616
"../../../../../../ambercaliban/Documents/GitHub/N.I.H.T_Repository/NIHT_TheGame/Content/Blueprints/Level/BlockLvl_Wall12Mat.uasset" 617
"../../../../../../ambercaliban/Documents/GitHub/N.I.H.T_Repository/NIHT_TheGame/Content/Blueprints/Level/Block_Lvl_BlockLvl_Wall12.uasset" 618
"../../../../../../ambercaliban/Documents/GitHub/N.I.H.T_Repository/NIHT_TheGame/Content/Blueprints/Level/BlockLvl_Wall13Mat.uasset" 619
"../../../../../../ambercaliban/Documents/GitHub/N.I.H.T_Repository/NIHT_TheGame/Content/Blueprints/Level/Block_Lvl_BlockLvl_Wall13.uasset" 620
"../../../../../../ambercaliban/Documents/GitHub/N.I.H.T_Repository/NIHT_TheGame/Content/Blueprints/Level/BlockLvl_Wall14Mat.uasset" 621
"../../../../../../ambercaliban/Documents/GitHub/N.I.H.T_Repository/NIHT_TheGame/Content/Blueprints/Level/Block_Lvl_BlockLvl_Wall14.uasset" 622
"../../../../../../ambercaliban/Documents/GitHub/N.I.H.T_Repository/NIHT_TheGame/Content/Blueprints/Level/BlockLvl_Wall3Mat.uasset" 623
"../../../../../../ambercaliban/Documents/GitHub/N.I.H.T_Repository/NIHT_TheGame/Content/Blueprints/Level/Block_Lvl_BlockLvl_Wall3.uasset" 624
"../../../../../../ambercaliban/Documents/GitHub/N.I.H.T_Repository/NIHT_TheGame/Content/Blueprints/Level/BlockLvl_Wall7Mat.uasset" 625
"../../../../../../ambercaliban/Documents/GitHub/N.I.H.T_Repository/NIHT_TheGame/Content/Blueprints/Level/Block_Lvl_BlockLvl_Wall7.uasset" 626
"../../../../../../ambercaliban/Documents/GitHub/N.I.H.T_Repository/NIHT_TheGame/Content/Blueprints/Level/BlockLvl_Wall8Mat.uasset" 627
"../../../../../../ambercaliban/Documents/GitHub/N.I.H.T_Repository/NIHT_TheGame/Content/Blueprints/Level/Block_Lvl_BlockLvl_Wall8.uasset" 628
"../../../../../../ambercaliban/Documents/GitHub/N.I.H.T_Repository/NIHT_TheGame/Content/Blueprints/Level/BlockLvl_Wall9Mat.uasset" 629
"../../../../../../ambercaliban/Documents/GitHub/N.I.H.T_Repository/NIHT_TheGame/Content/Blueprints/Level/Block_Lvl_BlockLvl_Wall9.uasset" 630
"../../../../../../ambercaliban/Documents/GitHub/N.I.H.T_Repository/NIHT_TheGame/Content/Blueprints/Level/pCube3_BlockLvlMat.uasset" 631
"../../../../../../ambercaliban/Documents/GitHub/N.I.H.T_Repository/NIHT_TheGame/Content/Blueprints/Level/Block_Lvl_pCube3_BlockLvl.uasset" 632
"../../../../../../ambercaliban/Documents/GitHub/N.I.H.T_Repository/NIHT_TheGame/Content/Blueprints/Pick-Ups/LargeAmmoCrate_BP.uasset" 633
"../../../../../../ambercaliban/Documents/GitHub/N.I.H.T_Repository/NIHT_TheGame/Content/Blueprints/Weapons/AssaultRiflePickUp_BP.uasset" 634
"../../../../../../ambercaliban/Documents/GitHub/N.I.H.T_Repository/NIHT_TheGame/Content/Blueprints/Weapons/SniperPickUp_BP.uasset" 635
"../../../../../../ambercaliban/Documents/GitHub/N.I.H.T_Repository/NIHT_TheGame/Content/Geometry/Meshes/TemplateFloor.uasset" 636
"../../../../../../ambercaliban/Documents/GitHub/N.I.H.T_Repository/NIHT_TheGame/Content/StarterContent/Textures/T_Ceramic_Tile_M.uasset" 637
"../../../../../../ambercaliban/Documents/GitHub/N.I.H.T_Repository/NIHT_TheGame/Content/StarterContent/Textures/T_Ceramic_Tile_N.uasset" 638
"../../../../../../ambercaliban/Documents/GitHub/N.I.H.T_Repository/NIHT_TheGame/Content/StarterContent/Textures/T_Wood_Pine_D.uasset" 639
"../../../../../../ambercaliban/Documents/GitHub/N.I.H.T_Repository/NIHT_TheGame/Content/StarterContent/Textures/T_Wood_Pine_N.uasset" 640
"../../../../../../ambercaliban/Documents/GitHub/N.I.H.T_Repository/NIHT_TheGame/Content/Materials/HealthPack_Placeholder.uasset" 641
"../../../../../../ambercaliban/Documents/GitHub/N.I.H.T_Repository/NIHT_TheGame/Content/Materials/Patroller_MAT.uasset" 642
"../../../../../../ambercaliban/Documents/GitHub/N.I.H.T_Repository/NIHT_TheGame/Content/StarterContent/Architecture/Wall_400x300.uasset" 643
"../../../../../../ambercaliban/Documents/GitHub/N.I.H.T_Repository/NIHT_TheGame/Content/StarterContent/Architecture/Wall_400x400.uasset" 644
"../../../../../../ambercaliban/Documents/GitHub/N.I.H.T_Repository/NIHT_TheGame/Content/StarterContent/Architecture/Wall_Door_400x300.uasset" 645
"../../../../../../ambercaliban/Documents/GitHub/N.I.H.T_Repository/NIHT_TheGame/Content/StarterContent/Architecture/Wall_Door_400x400.uasset" 646
"../../../../../../ambercaliban/Documents/GitHub/N.I.H.T_Repository/NIHT_TheGame/Content/StarterContent/Textures/T_Perlin_Noise_M.uasset" 647
"../../../../../../ambercaliban/Documents/GitHub/N.I.H.T_Repository/NIHT_TheGame/Content/StarterContent/Textures/T_Rock_Marble_Polished_D.uasset" 648
"../../../../../../ambercaliban/Documents/GitHub/N.I.H.T_Repository/NIHT_TheGame/Content/StarterContent/Materials/M_Rock_Marble_Polished.uasset" 649
"../../../../../../ambercaliban/Documents/GitHub/N.I.H.T_Repository/NIHT_TheGame/Content/StarterContent/Materials/M_Tech_Hex_Tile.uasset" 650
"../../../../../../ambercaliban/Documents/GitHub/N.I.H.T_Repository/NIHT_TheGame/Content/StarterContent/Textures/T_Bush_D.uasset" 651
"../../../../../../ambercaliban/Documents/GitHub/N.I.H.T_Repository/NIHT_TheGame/Content/StarterContent/Textures/T_Bush_N.uasset" 652
"../../../../../../ambercaliban/Documents/GitHub/N.I.H.T_Repository/NIHT_TheGame/Content/StarterContent/Props/Materials/M_Bush.uasset" 653
"../../../../../../ambercaliban/Documents/GitHub/N.I.H.T_Repository/NIHT_TheGame/Content/StarterContent/Props/SM_Bush.uasset" 654
"../../../../../../ambercaliban/Documents/GitHub/N.I.H.T_Repository/NIHT_TheGame/Content/StarterContent/Textures/T_Chair_M.uasset" 655
"../../../../../../ambercaliban/Documents/GitHub/N.I.H.T_Repository/NIHT_TheGame/Content/StarterContent/Textures/T_Chair_N.uasset" 656
"../../../../../../ambercaliban/Documents/GitHub/N.I.H.T_Repository/NIHT_TheGame/Content/StarterContent/Props/Materials/M_Chair.uasset" 657
"../../../../../../ambercaliban/Documents/GitHub/N.I.H.T_Repository/NIHT_TheGame/Content/StarterContent/Props/SM_Chair.uasset" 658
"../../../../../../ambercaliban/Documents/GitHub/N.I.H.T_Repository/NIHT_TheGame/Content/StarterContent/Props/Materials/M_MaterialSphere.uasset" 659
"../../../../../../ambercaliban/Documents/GitHub/N.I.H.T_Repository/NIHT_TheGame/Content/StarterContent/Props/Materials/M_MaterialSphere_Plain.uasset" 660
"../../../../../../ambercaliban/Documents/GitHub/N.I.H.T_Repository/NIHT_TheGame/Content/StarterContent/Props/SM_MatPreviewMesh_02.uasset" 661
"../../../../../../ambercaliban/Documents/GitHub/N.I.H.T_Repository/NIHT_TheGame/Content/StarterContent/Textures/T_Shelf_M.uasset" 662
"../../../../../../ambercaliban/Documents/GitHub/N.I.H.T_Repository/NIHT_TheGame/Content/StarterContent/Textures/T_Shelf_N.uasset" 663
"../../../../../../ambercaliban/Documents/GitHub/N.I.H.T_Repository/NIHT_TheGame/Content/StarterContent/Props/Materials/M_Shelf.uasset" 664
"../../../../../../ambercaliban/Documents/GitHub/N.I.H.T_Repository/NIHT_TheGame/Content/StarterContent/Props/SM_Shelf.uasset" 665
"../../../../../../ambercaliban/Documents/GitHub/N.I.H.T_Repository/NIHT_TheGame/Content/StarterContent/Shapes/Shape_QuadPyramid.uasset" 666
"../../../../../../ambercaliban/Documents/GitHub/N.I.H.T_Repository/NIHT_TheGame/Content/StarterContent/Shapes/Shape_Trim.uasset" 667
"../../../../../../ambercaliban/Documents/GitHub/N.I.H.T_Repository/NIHT_TheGame/Content/StarterContent/Shapes/Shape_Wedge_B.uasset" 668
"../../../../../../ambercaliban/Documents/GitHub/N.I.H.T_Repository/NIHT_TheGame/Content/ThirdPersonBP/Blueprints/ThirdPersonGameMode.uasset" 669
"../../../../../../ambercaliban/Documents/GitHub/N.I.H.T_Repository/NIHT_TheGame/Content/ThirdPersonBP/Maps/ThirdPersonExampleMap_BuiltData.uasset" 670
"../../../../../../ambercaliban/Documents/GitHub/N.I.H.T_Repository/NIHT_TheGame/Content/UI/Assets/ARZoomed.uasset" 671
"../../../../../../ambercaliban/Documents/GitHub/N.I.H.T_Repository/NIHT_TheGame/Content/UI/Assets/Asset_1.uasset" 672
"../../../../../../ambercaliban/Documents/GitHub/N.I.H.T_Repository/NIHT_TheGame/Content/UI/Assets/Asset_9.uasset" 673
"../../../../../../ambercaliban/Documents/GitHub/N.I.H.T_Repository/NIHT_TheGame/Content/UI/Assets/ButtonTemplate.uasset" 674
"../../../../../../ambercaliban/Documents/GitHub/N.I.H.T_Repository/NIHT_TheGame/Content/UI/Assets/Energy.uasset" 675
"../../../../../../ambercaliban/Documents/GitHub/N.I.H.T_Repository/NIHT_TheGame/Content/UI/Assets/Health.uasset" 676
"../../../../../../ambercaliban/Documents/GitHub/N.I.H.T_Repository/NIHT_TheGame/Content/UI/Assets/Panton-BlackitalicCaps.uasset" 677
"../../../../../../ambercaliban/Documents/GitHub/N.I.H.T_Repository/NIHT_TheGame/Content/UI/Assets/Panton-BlackitalicCaps_Font.uasset" 678
"../../../../../../ambercaliban/Documents/GitHub/N.I.H.T_Repository/NIHT_TheGame/Content/UI/Assets/Panton-LightCaps.uasset" 679
"../../../../../../ambercaliban/Documents/GitHub/N.I.H.T_Repository/NIHT_TheGame/Content/UI/Assets/Panton-LightCaps_Font.uasset" 680
"../../../../../../ambercaliban/Documents/GitHub/N.I.H.T_Repository/NIHT_TheGame/Content/UI/Assets/Panton-LightitalicCaps.uasset" 681
"../../../../../../ambercaliban/Documents/GitHub/N.I.H.T_Repository/NIHT_TheGame/Content/UI/Assets/Panton-LightitalicCaps_Font.uasset" 682
"../../../../../../ambercaliban/Documents/GitHub/N.I.H.T_Repository/NIHT_TheGame/Content/UI/Assets/ShotgunNormal.uasset" 683
"../../../../../../ambercaliban/Documents/GitHub/N.I.H.T_Repository/NIHT_TheGame/Content/UI/Assets/ShotgunZoomed.uasset" 684
"../../../../../../ambercaliban/Documents/GitHub/N.I.H.T_Repository/NIHT_TheGame/Content/UI/Assets/SniperScoped.uasset" 685
"../../../../../../ambercaliban/Documents/GitHub/N.I.H.T_Repository/NIHT_TheGame/Content/UI/Assets/UILayout.uasset" 686
"../../../../../../ambercaliban/Documents/GitHub/N.I.H.T_Repository/NIHT_TheGame/Content/StarterContent/Textures/T_Detail_Rocky_N.uasset" 687
"../../../../../../ambercaliban/Documents/GitHub/N.I.H.T_Repository/NIHT_TheGame/Content/StarterContent/Textures/T_Rock_Basalt_D.uasset" 688
"../../../../../../ambercaliban/Documents/GitHub/N.I.H.T_Repository/NIHT_TheGame/Content/StarterContent/Textures/T_RockMesh_M.uasset" 689
"../../../../../../ambercaliban/Documents/GitHub/N.I.H.T_Repository/NIHT_TheGame/Content/StarterContent/Textures/T_RockMesh_N.uasset" 690
"../../../../../../ambercaliban/Documents/GitHub/N.I.H.T_Repository/NIHT_TheGame/Content/StarterContent/Props/Materials/M_Rock.uasset" 691
"../../../../../../ambercaliban/Documents/GitHub/N.I.H.T_Repository/NIHT_TheGame/Content/VFX/SM_Rock.uasset" 692
"../../Plugins/2D/Paper2D/Content/PlaceholderTextures/DummySpriteTexture.uasset" 693
"../../Plugins/2D/Paper2D/Content/DummySprite.uasset" 694
"../../Plugins/2D/Paper2D/Content/DefaultPaperTerrainMaterial.uasset" 695
"../../Plugins/2D/Paper2D/Content/DefaultSpriteMaterial.uasset" 696
"../../Plugins/2D/Paper2D/Content/MaskedUnlitSpriteMaterial.uasset" 697
"../../Plugins/2D/Paper2D/Content/OpaqueUnlitSpriteMaterial.uasset" 698
"../../Plugins/Media/MediaCompositing/Content/DefaultMediaPlaneTexture.uasset" 699
"../../Plugins/Media/MediaCompositing/Content/DefaultMediaPlaneMaterial.uasset" 700
"../../../Engine/Content/Functions/Engine_MaterialFunctions02/Utility/MakeFloat4.uasset" 701
"../../Plugins/Runtime/AppleARKit/Content/ARKitCameraMaterial.uasset" 702
"../../../Engine/Content/Maps/Entry.umap" 703
"../../../../../../ambercaliban/Documents/GitHub/N.I.H.T_Repository/NIHT_TheGame/Content/UI/Assets/1080normal.uasset" 704
"../../../../../../ambercaliban/Documents/GitHub/N.I.H.T_Repository/NIHT_TheGame/Content/UI/Assets/640Normal.uasset" 705
"../../../../../../ambercaliban/Documents/GitHub/N.I.H.T_Repository/NIHT_TheGame/Content/UI/Assets/720Normal.uasset" 706
"../../../../../../ambercaliban/Documents/GitHub/N.I.H.T_Repository/NIHT_TheGame/Content/UI/Assets/Logo.uasset" 707
"../../../../../../ambercaliban/Documents/GitHub/N.I.H.T_Repository/NIHT_TheGame/Content/UI/Assets/MainMenuNormal.uasset" 708
"../../../../../../ambercaliban/Documents/GitHub/N.I.H.T_Repository/NIHT_TheGame/Content/UI/Assets/OptionsNormal.uasset" 709
"../../../../../../ambercaliban/Documents/GitHub/N.I.H.T_Repository/NIHT_TheGame/Content/UI/Assets/QuitGameNormal.uasset" 710
"../../../../../../ambercaliban/Documents/GitHub/N.I.H.T_Repository/NIHT_TheGame/Content/UI/Assets/StartGameNormal.uasset" 711
"../../../../../../ambercaliban/Documents/GitHub/N.I.H.T_Repository/NIHT_TheGame/Content/UI/MainMenu_Widget.uasset" 712
"../../../../../../ambercaliban/Documents/GitHub/N.I.H.T_Repository/NIHT_TheGame/Content/UI/MainMenu_UI.uasset" 713
"../../../../../../ambercaliban/Documents/GitHub/N.I.H.T_Repository/NIHT_TheGame/Content/Gamemodes/Mainmenu_GM.uasset" 714
"../../../../../../ambercaliban/Documents/GitHub/N.I.H.T_Repository/NIHT_TheGame/Content/Levels/MainMenu_Level.umap" 715
